30-09-2015 05:37:53   ----------------Start to new session----------------------
30-09-2015 05:38:01   CSV file: storage/201509/2015-09-30.csv
30-09-2015 05:38:01   Limit: 5
30-09-2015 05:38:01   Start to get page: 29
30-09-2015 05:38:09   Get CV from : https://www.jobbkk.com/resumes/detail/283102/Customer Service Manager.html
30-09-2015 05:38:10   Get CV from : https://www.jobbkk.com/resumes/detail/879703/IT Support.html
30-09-2015 05:38:11   Get CV from : https://www.jobbkk.com/resumes/detail/891724/Waerhouse Officer.html
30-09-2015 05:38:12   Get CV from : https://www.jobbkk.com/resumes/detail/282490/customer service.html
30-09-2015 05:38:13   Get CV from : https://www.jobbkk.com/resumes/detail/1106533/IT Support.html
30-09-2015 05:38:14   Get CV from : https://www.jobbkk.com/resumes/detail/95341/.html
30-09-2015 05:38:14   Can not export CV from https://www.jobbkk.com/resumes/detail/95341/.html
30-09-2015 05:38:14   Get CV from : https://www.jobbkk.com/resumes/detail/1033967/Marketing Executive.html
30-09-2015 05:38:15   Get CV from : https://www.jobbkk.com/resumes/detail/1104330/personal assistant.html
30-09-2015 05:38:15   Get CV from : https://www.jobbkk.com/resumes/detail/46714/Staff.html
30-09-2015 05:38:16   Get CV from : https://www.jobbkk.com/resumes/detail/833926/Teacher Health Education - Physical Education.html
30-09-2015 05:38:16   Can not export CV from https://www.jobbkk.com/resumes/detail/833926/Teacher Health Education - Physical Education.html
30-09-2015 05:38:16   Get CV from : https://www.jobbkk.com/resumes/detail/1070192/liaison officer.html
30-09-2015 05:38:18   Get CV from : https://www.jobbkk.com/resumes/detail/187643/Senior.html
30-09-2015 05:38:18   Get CV from : https://www.jobbkk.com/resumes/detail/139703/Assistant Account Manager.html
30-09-2015 05:38:19   Get CV from : https://www.jobbkk.com/resumes/detail/1089493/Fild Office.html
30-09-2015 05:38:20   Can not export CV from https://www.jobbkk.com/resumes/detail/1089493/Fild Office.html
30-09-2015 05:38:20   Get CV from : https://www.jobbkk.com/resumes/detail/1105296/physiotherapist.html
30-09-2015 05:38:22   Can not export CV from https://www.jobbkk.com/resumes/detail/1105296/physiotherapist.html
30-09-2015 05:38:22   Get CV from : https://www.jobbkk.com/resumes/detail/1031817/Retail , Rental.html
30-09-2015 05:38:23   Can not export CV from https://www.jobbkk.com/resumes/detail/1031817/Retail , Rental.html
30-09-2015 05:38:23   Total CV from page 29 is 11
30-09-2015 05:38:23   Saved 11 CV(s) to file
